 
****************************************
check_design summary:
Version:     R-2020.09-SP5
Date:        Sun Mar 16 10:58:00 2025
****************************************

                   Name                                            Total
--------------------------------------------------------------------------------
Inputs/Outputs                                                      1
    Shorted outputs (LINT-31)                                       1

Cells                                                              14
    Cells do not drive (LINT-1)                                    14
--------------------------------------------------------------------------------

Warning: In design 'fir', cell 'B_42' does not drive any nets. (LINT-1)
Warning: In design 'fir', cell 'B_43' does not drive any nets. (LINT-1)
Warning: In design 'fir', cell 'C3234' does not drive any nets. (LINT-1)
Warning: In design 'fir', cell 'C3238' does not drive any nets. (LINT-1)
Warning: In design 'fir', cell 'C3241' does not drive any nets. (LINT-1)
Warning: In design 'fir', cell 'C3242' does not drive any nets. (LINT-1)
Warning: In design 'fir', cell 'C3246' does not drive any nets. (LINT-1)
Warning: In design 'fir', cell 'C3250' does not drive any nets. (LINT-1)
Warning: In design 'fir', cell 'C3253' does not drive any nets. (LINT-1)
Warning: In design 'fir', cell 'C3254' does not drive any nets. (LINT-1)
Warning: In design 'fir', cell 'C3259' does not drive any nets. (LINT-1)
Warning: In design 'fir', cell 'C3263' does not drive any nets. (LINT-1)
Warning: In design 'fir', cell 'C3267' does not drive any nets. (LINT-1)
Warning: In design 'fir', cell 'B_47' does not drive any nets. (LINT-1)
Warning: In design 'fir', output port 'awready' is connected directly to output port 'wready'. (LINT-31)
1
