 
****************************************
Report : area
Design : fir
Version: R-2020.09-SP5
Date   : Sun Mar 16 11:02:14 2025
****************************************

Library(s) Used:

    slow (File: /usr/cadtool/ee5216/CBDK_TSMC90GUTM_Arm_f1.0/CIC/SynopsysDC/db/slow.db)

Number of ports:                          330
Number of nets:                          6137
Number of cells:                         5369
Number of combinational cells:           5084
Number of sequential cells:               283
Number of macros/black boxes:               0
Number of buf/inv:                        727
Number of references:                     127

Combinational area:              28976.875447
Buf/Inv area:                     2771.596851
Noncombinational area:            4435.401616
Macro/Black Box area:                0.000000
Net Interconnect area:      undefined  (No wire load specified)

Total cell area:                 33412.277063
Total area:                 undefined

Hierarchical area distribution
------------------------------

                                  Global cell area            Local cell area
                                  -------------------  ----------------------------- 
Hierarchical cell                 Absolute    Percent  Combi-      Noncombi-  Black-
                                  Total       Total    national    national   boxes   Design
--------------------------------  ----------  -------  ----------  ---------  ------  ---------
fir                               33412.2771    100.0  28976.8754  4435.4016  0.0000  fir
--------------------------------  ----------  -------  ----------  ---------  ------  ---------
Total                                                  28976.8754  4435.4016  0.0000

1
