 
****************************************
Report : timing
        -path full
        -delay max
        -max_paths 5
Design : fir
Version: R-2020.09-SP5
Date   : Sun Mar 16 11:02:14 2025
****************************************

Operating Conditions: slow   Library: slow
Wire Load Model Mode: top

  Startpoint: data_cnt_reg[8]
              (rising edge-triggered flip-flop clocked by axis_clk)
  Endpoint: addr_genr_reg[7]
            (rising edge-triggered flip-flop clocked by axis_clk)
  Path Group: axis_clk
  Path Type: max

  Point                                    Incr       Path
  -----------------------------------------------------------
  clock axis_clk (rise edge)               0.00       0.00
  clock network delay (ideal)              0.50       0.50
  data_cnt_reg[8]/CK (DFFRQX1)             0.00       0.50 r
  data_cnt_reg[8]/Q (DFFRQX1)              0.26       0.76 r
  U2733/Y (INVXL)                          0.18       0.94 f
  U3389/Y (NOR2X2)                         0.11       1.05 r
  U3459/Y (NOR2X2)                         0.04       1.09 f
  U3462/Y (AOI21X1)                        0.08       1.17 r
  U1306/Y (NAND2XL)                        0.08       1.25 f
  U3590/Y (AOI21X2)                        0.08       1.32 r
  U3706/Y (OAI21X2)                        0.06       1.38 f
  U3020/Y (AOI21X1)                        0.09       1.47 r
  U1003/Y (OAI21X1)                        0.09       1.55 f
  U3856/Y (AOI21X2)                        0.09       1.65 r
  U3892/Y (OAI21X2)                        0.06       1.71 f
  U3940/Y (AOI21X2)                        0.09       1.80 r
  U3996/Y (OAI21X2)                        0.06       1.86 f
  U4044/Y (AOI21X2)                        0.09       1.94 r
  U4069/Y (OAI21X2)                        0.06       2.01 f
  U4118/Y (AOI21X2)                        0.09       2.09 r
  U4153/Y (OAI21X2)                        0.05       2.15 f
  U4192/CO (ADDFHX2)                       0.13       2.27 f
  U4230/CO (ADDFHX4)                       0.11       2.39 f
  U4231/Y (XOR2X8)                         0.06       2.45 r
  U1625/Y (XNOR2XL)                        0.14       2.58 r
  U2133/Y (OAI22XL)                        0.13       2.71 f
  U4430/S (ADDFXL)                         0.30       3.01 f
  U978/S (ADDFXL)                          0.26       3.28 f
  U4457/S (ADDFXL)                         0.27       3.54 f
  U1041/CO (ADDFHX1)                       0.23       3.78 f
  U4475/CO (ADDFXL)                        0.26       4.04 f
  U4570/S (ADDHX1)                         0.14       4.18 r
  U4521/Y (NAND2X2)                        0.09       4.27 f
  U973/CO (ADDFHX1)                        0.19       4.45 f
  U4577/S (ADDFX2)                         0.18       4.63 f
  U4629/CO (ADDFHX2)                       0.17       4.80 f
  U4687/S (ADDFHX2)                        0.16       4.96 r
  U4630/Y (NOR2X2)                         0.04       4.99 f
  U4631/Y (OR2X2)                          0.10       5.09 f
  U4635/Y (OAI21X2)                        0.07       5.16 r
  U2953/Y (XOR2X1)                         0.07       5.23 r
  U2614/Y (OAI21X1)                        0.06       5.29 f
  addr_genr_reg[7]/D (DFFSX2)              0.00       5.29 f
  data arrival time                                   5.29

  clock axis_clk (rise edge)               5.00       5.00
  clock network delay (ideal)              0.50       5.50
  clock uncertainty                       -0.10       5.40
  addr_genr_reg[7]/CK (DFFSX2)             0.00       5.40 r
  library setup time                      -0.11       5.29
  data required time                                  5.29
  -----------------------------------------------------------
  data required time                                  5.29
  data arrival time                                  -5.29
  -----------------------------------------------------------
  slack (MET)                                         0.00


  Startpoint: data_Do[5] (input port clocked by axis_clk)
  Endpoint: m_reg[31] (rising edge-triggered flip-flop clocked by axis_clk)
  Path Group: axis_clk
  Path Type: max

  Point                                    Incr       Path
  -----------------------------------------------------------
  clock axis_clk (rise edge)               0.00       0.00
  clock network delay (ideal)              0.50       0.50
  input external delay                     1.00       1.50 r
  data_Do[5] (in)                          0.00       1.50 r
  U4956/Y (NOR2BX2)                        0.07       1.57 r
  U4957/Y (BUFX5)                          0.12       1.69 r
  U4958/Y (XNOR2X1)                        0.11       1.80 r
  U4963/Y (NOR2BX1)                        0.43       2.23 r
  U5685/Y (AOI22XL)                        0.12       2.36 f
  U5686/Y (OAI21XL)                        0.07       2.43 r
  U1199/Y (XOR2XL)                         0.11       2.54 f
  U5736/CO (ADDHXL)                        0.13       2.67 f
  U1270/CO (ADDHXL)                        0.12       2.78 f
  mult_x_92/U452/ICO (CMPR42X1)            0.14       2.93 f
  mult_x_92/U450/ICO (CMPR42X1)            0.13       3.06 f
  mult_x_92/U448/S (CMPR42X1)              0.37       3.43 f
  U1928/Y (NOR2XL)                         0.10       3.53 r
  U5697/Y (NOR2XL)                         0.06       3.59 f
  U5760/Y (AOI21X1)                        0.08       3.67 r
  U5766/Y (OAI21X1)                        0.07       3.75 f
  U5769/Y (AOI21X1)                        0.09       3.83 r
  U1499/Y (OAI21XL)                        0.09       3.92 f
  U5770/Y (AOI21X1)                        0.10       4.03 r
  U5771/Y (OAI21X1)                        0.08       4.11 f
  U5773/Y (AOI21X1)                        0.09       4.20 r
  U5774/Y (OAI21X1)                        0.08       4.28 f
  U5775/Y (AOI21X1)                        0.09       4.38 r
  U5776/Y (OAI21X1)                        0.08       4.46 f
  U5777/Y (AOI21X1)                        0.09       4.55 r
  U5778/Y (OAI21X1)                        0.08       4.63 f
  U5779/Y (AOI21X1)                        0.09       4.73 r
  U5780/Y (OAI21X1)                        0.08       4.81 f
  U2986/Y (AO21X2)                         0.14       4.94 f
  U5842/CO (ADDFXL)                        0.16       5.11 f
  U5840/Y (XOR2X1)                         0.06       5.17 r
  U5841/Y (AND2X2)                         0.09       5.26 r
  m_reg[31]/D (DFFRQXL)                    0.00       5.26 r
  data arrival time                                   5.26

  clock axis_clk (rise edge)               5.00       5.00
  clock network delay (ideal)              0.50       5.50
  clock uncertainty                       -0.10       5.40
  m_reg[31]/CK (DFFRQXL)                   0.00       5.40 r
  library setup time                      -0.14       5.26
  data required time                                  5.26
  -----------------------------------------------------------
  data required time                                  5.26
  data arrival time                                  -5.26
  -----------------------------------------------------------
  slack (MET)                                         0.00


  Startpoint: tap_length_reg[1]
              (rising edge-triggered flip-flop clocked by axis_clk)
  Endpoint: addr_genr_reg[4]
            (rising edge-triggered flip-flop clocked by axis_clk)
  Path Group: axis_clk
  Path Type: max

  Point                                    Incr       Path
  -----------------------------------------------------------
  clock axis_clk (rise edge)               0.00       0.00
  clock network delay (ideal)              0.50       0.50
  tap_length_reg[1]/CK (DFFRHQX4)          0.00       0.50 r
  tap_length_reg[1]/Q (DFFRHQX4)           0.19       0.69 r
  U3133/Y (INVX2)                          0.10       0.80 f
  U3125/Y (NAND2X2)                        0.10       0.90 r
  U1542/Y (INVXL)                          0.08       0.98 f
  U1533/Y (NAND2XL)                        0.06       1.03 r
  U3240/Y (INVXL)                          0.06       1.09 f
  U1110/Y (AOI211X1)                       0.11       1.20 r
  U2025/Y (OAI21X1)                        0.08       1.28 f
  U3243/Y (NOR4X2)                         0.07       1.35 r
  U3244/Y (NAND3XL)                        0.13       1.48 f
  U3286/Y (XOR2X1)                         0.11       1.59 f
  U3315/Y (INVX2)                          0.20       1.79 r
  U3316/Y (NAND2X2)                        0.27       2.06 f
  U3319/Y (OAI22XL)                        0.15       2.22 r
  U3345/CO (ADDFXL)                        0.26       2.48 r
  U993/S (ADDFX1)                          0.29       2.77 f
  U1529/Y (OR2XL)                          0.14       2.91 f
  U1052/Y (AOI21X1)                        0.07       2.98 r
  U1961/Y (OAI21X1)                        0.06       3.04 f
  U1047/Y (AOI21X1)                        0.07       3.11 r
  U3442/Y (OAI21X1)                        0.06       3.17 f
  U1044/Y (AOI21X1)                        0.07       3.24 r
  U3501/Y (OAI21X1)                        0.07       3.31 f
  U3536/Y (AOI21X2)                        0.08       3.38 r
  U3574/Y (OAI21X2)                        0.05       3.43 f
  U3615/Y (AOI21X2)                        0.07       3.50 r
  U3660/Y (OAI21X2)                        0.05       3.55 f
  U3696/Y (AOI21X2)                        0.07       3.62 r
  U3737/Y (OAI21X2)                        0.05       3.67 f
  U3777/Y (AOI21X2)                        0.07       3.74 r
  U3820/Y (OAI21X2)                        0.05       3.79 f
  U3866/Y (AOI21X2)                        0.07       3.86 r
  U3911/Y (OAI21X2)                        0.05       3.91 f
  U3958/Y (AOI21X2)                        0.06       3.97 r
  U4007/Y (OAI21X1)                        0.06       4.03 f
  U4058/Y (AOI21X2)                        0.08       4.11 r
  U4108/Y (OAI21X2)                        0.05       4.16 f
  U1004/Y (AOI21X1)                        0.07       4.22 r
  U1684/Y (OAI21X1)                        0.07       4.29 f
  U4213/Y (AOI21X2)                        0.08       4.36 r
  U4237/Y (OAI21X2)                        0.05       4.41 f
  U4263/Y (AOI21X2)                        0.06       4.47 r
  U1706/Y (OAI21X1)                        0.06       4.54 f
  U4309/Y (AOI21X2)                        0.08       4.61 r
  U4337/Y (OAI21X2)                        0.05       4.66 f
  U4359/Y (AOI21X2)                        0.08       4.75 r
  U4388/Y (OAI21X4)                        0.07       4.81 f
  U4525/Y (NAND2X2)                        0.05       4.86 r
  U1021/Y (INVX2)                          0.02       4.89 f
  U967/Y (OAI21X1)                         0.07       4.96 r
  U1008/Y (INVXL)                          0.06       5.03 f
  U5477/Y (OAI21X1)                        0.07       5.09 r
  U1013/Y (XNOR2XL)                        0.08       5.17 r
  U1012/Y (NAND2BXL)                       0.09       5.25 f
  U5478/Y (OAI211X2)                       0.04       5.30 r
  addr_genr_reg[4]/D (DFFSX2)              0.00       5.30 r
  data arrival time                                   5.30

  clock axis_clk (rise edge)               5.00       5.00
  clock network delay (ideal)              0.50       5.50
  clock uncertainty                       -0.10       5.40
  addr_genr_reg[4]/CK (DFFSX2)             0.00       5.40 r
  library setup time                      -0.10       5.30
  data required time                                  5.30
  -----------------------------------------------------------
  data required time                                  5.30
  data arrival time                                  -5.30
  -----------------------------------------------------------
  slack (MET)                                         0.00


  Startpoint: data_cnt_reg[8]
              (rising edge-triggered flip-flop clocked by axis_clk)
  Endpoint: addr_genr_reg[6]
            (rising edge-triggered flip-flop clocked by axis_clk)
  Path Group: axis_clk
  Path Type: max

  Point                                    Incr       Path
  -----------------------------------------------------------
  clock axis_clk (rise edge)               0.00       0.00
  clock network delay (ideal)              0.50       0.50
  data_cnt_reg[8]/CK (DFFRQX1)             0.00       0.50 r
  data_cnt_reg[8]/Q (DFFRQX1)              0.26       0.76 r
  U2733/Y (INVXL)                          0.18       0.94 f
  U3389/Y (NOR2X2)                         0.11       1.05 r
  U3459/Y (NOR2X2)                         0.04       1.09 f
  U3462/Y (AOI21X1)                        0.08       1.17 r
  U1306/Y (NAND2XL)                        0.08       1.25 f
  U3590/Y (AOI21X2)                        0.08       1.32 r
  U3706/Y (OAI21X2)                        0.06       1.38 f
  U3020/Y (AOI21X1)                        0.09       1.47 r
  U1003/Y (OAI21X1)                        0.09       1.55 f
  U3856/Y (AOI21X2)                        0.09       1.65 r
  U3892/Y (OAI21X2)                        0.06       1.71 f
  U3940/Y (AOI21X2)                        0.09       1.80 r
  U3996/Y (OAI21X2)                        0.06       1.86 f
  U4044/Y (AOI21X2)                        0.09       1.94 r
  U4069/Y (OAI21X2)                        0.06       2.01 f
  U4118/Y (AOI21X2)                        0.09       2.09 r
  U4153/Y (OAI21X2)                        0.05       2.15 f
  U4192/CO (ADDFHX2)                       0.13       2.27 f
  U4230/CO (ADDFHX4)                       0.11       2.39 f
  U4231/Y (XOR2X8)                         0.06       2.45 r
  U1625/Y (XNOR2XL)                        0.14       2.58 r
  U2133/Y (OAI22XL)                        0.13       2.71 f
  U4430/S (ADDFXL)                         0.30       3.01 f
  U978/S (ADDFXL)                          0.26       3.28 f
  U4457/S (ADDFXL)                         0.27       3.54 f
  U1041/CO (ADDFHX1)                       0.23       3.78 f
  U4475/CO (ADDFXL)                        0.26       4.04 f
  U4570/S (ADDHX1)                         0.14       4.18 r
  U4521/Y (NAND2X2)                        0.09       4.27 f
  U973/CO (ADDFHX1)                        0.19       4.45 f
  U4577/S (ADDFX2)                         0.18       4.63 f
  U4629/CO (ADDFHX2)                       0.17       4.80 f
  U4687/S (ADDFHX2)                        0.15       4.95 f
  U4630/Y (NOR2X2)                         0.09       5.04 r
  U5273/Y (INVX2)                          0.03       5.07 f
  U1016/Y (CLKNAND2X2)                     0.03       5.10 r
  U5274/Y (XNOR2X1)                        0.09       5.20 f
  U5277/Y (NAND2X2)                        0.04       5.24 r
  U5279/Y (OAI211X2)                       0.05       5.29 f
  addr_genr_reg[6]/D (DFFRHQX2)            0.00       5.29 f
  data arrival time                                   5.29

  clock axis_clk (rise edge)               5.00       5.00
  clock network delay (ideal)              0.50       5.50
  clock uncertainty                       -0.10       5.40
  addr_genr_reg[6]/CK (DFFRHQX2)           0.00       5.40 r
  library setup time                      -0.10       5.30
  data required time                                  5.30
  -----------------------------------------------------------
  data required time                                  5.30
  data arrival time                                  -5.29
  -----------------------------------------------------------
  slack (MET)                                         0.01


  Startpoint: tap_length_reg[1]
              (rising edge-triggered flip-flop clocked by axis_clk)
  Endpoint: addr_genr_reg[3]
            (rising edge-triggered flip-flop clocked by axis_clk)
  Path Group: axis_clk
  Path Type: max

  Point                                    Incr       Path
  -----------------------------------------------------------
  clock axis_clk (rise edge)               0.00       0.00
  clock network delay (ideal)              0.50       0.50
  tap_length_reg[1]/CK (DFFRHQX4)          0.00       0.50 r
  tap_length_reg[1]/Q (DFFRHQX4)           0.19       0.69 r
  U3133/Y (INVX2)                          0.10       0.80 f
  U3125/Y (NAND2X2)                        0.10       0.90 r
  U1542/Y (INVXL)                          0.08       0.98 f
  U1533/Y (NAND2XL)                        0.06       1.03 r
  U3240/Y (INVXL)                          0.06       1.09 f
  U1110/Y (AOI211X1)                       0.11       1.20 r
  U2025/Y (OAI21X1)                        0.08       1.28 f
  U3243/Y (NOR4X2)                         0.07       1.35 r
  U3244/Y (NAND3XL)                        0.13       1.48 f
  U3286/Y (XOR2X1)                         0.11       1.59 f
  U3315/Y (INVX2)                          0.20       1.79 r
  U3316/Y (NAND2X2)                        0.27       2.06 f
  U3319/Y (OAI22XL)                        0.15       2.22 r
  U3345/CO (ADDFXL)                        0.26       2.48 r
  U993/S (ADDFX1)                          0.29       2.77 f
  U1529/Y (OR2XL)                          0.14       2.91 f
  U1052/Y (AOI21X1)                        0.07       2.98 r
  U1961/Y (OAI21X1)                        0.06       3.04 f
  U1047/Y (AOI21X1)                        0.07       3.11 r
  U3442/Y (OAI21X1)                        0.06       3.17 f
  U1044/Y (AOI21X1)                        0.07       3.24 r
  U3501/Y (OAI21X1)                        0.07       3.31 f
  U3536/Y (AOI21X2)                        0.08       3.38 r
  U3574/Y (OAI21X2)                        0.05       3.43 f
  U3615/Y (AOI21X2)                        0.07       3.50 r
  U3660/Y (OAI21X2)                        0.05       3.55 f
  U3696/Y (AOI21X2)                        0.07       3.62 r
  U3737/Y (OAI21X2)                        0.05       3.67 f
  U3777/Y (AOI21X2)                        0.07       3.74 r
  U3820/Y (OAI21X2)                        0.05       3.79 f
  U3866/Y (AOI21X2)                        0.07       3.86 r
  U3911/Y (OAI21X2)                        0.05       3.91 f
  U3958/Y (AOI21X2)                        0.06       3.97 r
  U4007/Y (OAI21X1)                        0.06       4.03 f
  U4058/Y (AOI21X2)                        0.08       4.11 r
  U4108/Y (OAI21X2)                        0.05       4.16 f
  U1004/Y (AOI21X1)                        0.07       4.22 r
  U1684/Y (OAI21X1)                        0.07       4.29 f
  U4213/Y (AOI21X2)                        0.08       4.36 r
  U4237/Y (OAI21X2)                        0.05       4.41 f
  U4263/Y (AOI21X2)                        0.06       4.47 r
  U1706/Y (OAI21X1)                        0.06       4.54 f
  U4309/Y (AOI21X2)                        0.08       4.61 r
  U4337/Y (OAI21X2)                        0.05       4.66 f
  U4359/Y (AOI21X2)                        0.08       4.75 r
  U4388/Y (OAI21X4)                        0.07       4.81 f
  U4525/Y (NAND2X2)                        0.05       4.86 r
  U1021/Y (INVX2)                          0.02       4.89 f
  U967/Y (OAI21X1)                         0.07       4.96 r
  U1008/Y (INVXL)                          0.06       5.03 f
  U5470/Y (XOR2X1)                         0.09       5.11 r
  U3092/Y (NAND2XL)                        0.07       5.18 f
  U2621/Y (OAI211XL)                       0.05       5.23 r
  addr_genr_reg[3]/D (DFFRQXL)             0.00       5.23 r
  data arrival time                                   5.23

  clock axis_clk (rise edge)               5.00       5.00
  clock network delay (ideal)              0.50       5.50
  clock uncertainty                       -0.10       5.40
  addr_genr_reg[3]/CK (DFFRQXL)            0.00       5.40 r
  library setup time                      -0.16       5.24
  data required time                                  5.24
  -----------------------------------------------------------
  data required time                                  5.24
  data arrival time                                  -5.23
  -----------------------------------------------------------
  slack (MET)                                         0.01


1
